# JRE version: OpenJDK Runtime Environment Homebrew (22.0.2) (build 22.0.2)
# Java VM: OpenJDK 64-Bit Server VM Homebrew (22.0.2, mixed mode, sharing, tiered, compressed oops, compressed class ptrs, g1 gc, bsd-aarch64)
Heap:
 garbage-first heap   total reserved 4194304K, committed 264192K, used 142020K [0x0000000700000000, 0x0000000800000000)
  region size 2048K, 50 young (102400K), 1 survivors (2048K)
 Metaspace       used 19081K, committed 19904K, reserved 1114112K
  class space    used 2122K, committed 2496K, reserved 1048576K
GC Heap History (20 events):
Event: 322.853 GC heap before
{Heap before GC invocations=8 (full 0):
 garbage-first heap   total reserved 4194304K, committed 264192K, used 189135K [0x0000000700000000, 0x0000000800000000)
  region size 2048K, 76 young (155648K), 4 survivors (8192K)
 Metaspace       used 19074K, committed 19840K, reserved 1114112K
  class space    used 2122K, committed 2496K, reserved 1048576K
}
Event: 322.872 GC heap after
{Heap after GC invocations=9 (full 0):
 garbage-first heap   total reserved 4194304K, committed 264192K, used 41999K [0x0000000700000000, 0x0000000800000000)
  region size 2048K, 4 young (8192K), 4 survivors (8192K)
 Metaspace       used 19074K, committed 19840K, reserved 1114112K
  class space    used 2122K, committed 2496K, reserved 1048576K
}
Event: 367.548 GC heap before
{Heap before GC invocations=9 (full 0):
 garbage-first heap   total reserved 4194304K, committed 264192K, used 189455K [0x0000000700000000, 0x0000000800000000)
  region size 2048K, 76 young (155648K), 4 survivors (8192K)
 Metaspace       used 19074K, committed 19840K, reserved 1114112K
  class space    used 2122K, committed 2496K, reserved 1048576K
}
Event: 367.570 GC heap after
{Heap after GC invocations=10 (full 0):
 garbage-first heap   total reserved 4194304K, committed 264192K, used 43261K [0x0000000700000000, 0x0000000800000000)
  region size 2048K, 4 young (8192K), 4 survivors (8192K)
 Metaspace       used 19074K, committed 19840K, reserved 1114112K
  class space    used 2122K, committed 2496K, reserved 1048576K
}
Event: 412.096 GC heap before
{Heap before GC invocations=10 (full 0):
 garbage-first heap   total reserved 4194304K, committed 264192K, used 190717K [0x0000000700000000, 0x0000000800000000)
  region size 2048K, 76 young (155648K), 4 survivors (8192K)
 Metaspace       used 19075K, committed 19904K, reserved 1114112K
  class space    used 2122K, committed 2496K, reserved 1048576K
}
Event: 412.115 GC heap after
{Heap after GC invocations=11 (full 0):
 garbage-first heap   total reserved 4194304K, committed 264192K, used 41892K [0x0000000700000000, 0x0000000800000000)
  region size 2048K, 4 young (8192K), 4 survivors (8192K)
 Metaspace       used 19075K, committed 19904K, reserved 1114112K
  class space    used 2122K, committed 2496K, reserved 1048576K
}
Event: 457.308 GC heap before
{Heap before GC invocations=11 (full 0):
 garbage-first heap   total reserved 4194304K, committed 264192K, used 189348K [0x0000000700000000, 0x0000000800000000)
  region size 2048K, 76 young (155648K), 4 survivors (8192K)
 Metaspace       used 19075K, committed 19904K, reserved 1114112K
  class space    used 2122K, committed 2496K, reserved 1048576K
}
Event: 457.328 GC heap after
{Heap after GC invocations=12 (full 0):
 garbage-first heap   total reserved 4194304K, committed 264192K, used 41326K [0x0000000700000000, 0x0000000800000000)
  region size 2048K, 4 young (8192K), 4 survivors (8192K)
 Metaspace       used 19075K, committed 19904K, reserved 1114112K
  class space    used 2122K, committed 2496K, reserved 1048576K
}
Event: 507.802 GC heap before
{Heap before GC invocations=12 (full 0):
 garbage-first heap   total reserved 4194304K, committed 264192K, used 188782K [0x0000000700000000, 0x0000000800000000)
  region size 2048K, 76 young (155648K), 4 survivors (8192K)
 Metaspace       used 19081K, committed 19904K, reserved 1114112K
  class space    used 2122K, committed 2496K, reserved 1048576K
}
Event: 507.820 GC heap after
{Heap after GC invocations=13 (full 0):
 garbage-first heap   total reserved 4194304K, committed 264192K, used 41384K [0x0000000700000000, 0x0000000800000000)
  region size 2048K, 4 young (8192K), 4 survivors (8192K)
 Metaspace       used 19081K, committed 19904K, reserved 1114112K
  class space    used 2122K, committed 2496K, reserved 1048576K
}
Event: 558.189 GC heap before
{Heap before GC invocations=13 (full 0):
 garbage-first heap   total reserved 4194304K, committed 264192K, used 188840K [0x0000000700000000, 0x0000000800000000)
  region size 2048K, 76 young (155648K), 4 survivors (8192K)
 Metaspace       used 19081K, committed 19904K, reserved 1114112K
  class space    used 2122K, committed 2496K, reserved 1048576K
}
Event: 558.207 GC heap after
{Heap after GC invocations=14 (full 0):
 garbage-first heap   total reserved 4194304K, committed 264192K, used 41546K [0x0000000700000000, 0x0000000800000000)
  region size 2048K, 4 young (8192K), 4 survivors (8192K)
 Metaspace       used 19081K, committed 19904K, reserved 1114112K
  class space    used 2122K, committed 2496K, reserved 1048576K
}
Event: 608.347 GC heap before
{Heap before GC invocations=14 (full 0):
 garbage-first heap   total reserved 4194304K, committed 264192K, used 189002K [0x0000000700000000, 0x0000000800000000)
  region size 2048K, 76 young (155648K), 4 survivors (8192K)
 Metaspace       used 19081K, committed 19904K, reserved 1114112K
  class space    used 2122K, committed 2496K, reserved 1048576K
}
Event: 608.365 GC heap after
{Heap after GC invocations=15 (full 0):
 garbage-first heap   total reserved 4194304K, committed 264192K, used 41469K [0x0000000700000000, 0x0000000800000000)
  region size 2048K, 4 young (8192K), 4 survivors (8192K)
 Metaspace       used 19081K, committed 19904K, reserved 1114112K
  class space    used 2122K, committed 2496K, reserved 1048576K
}
Event: 658.883 GC heap before
{Heap before GC invocations=15 (full 0):
 garbage-first heap   total reserved 4194304K, committed 264192K, used 188925K [0x0000000700000000, 0x0000000800000000)
  region size 2048K, 76 young (155648K), 4 survivors (8192K)
 Metaspace       used 19081K, committed 19904K, reserved 1114112K
  class space    used 2122K, committed 2496K, reserved 1048576K
}
Event: 658.903 GC heap after
{Heap after GC invocations=16 (full 0):
 garbage-first heap   total reserved 4194304K, committed 264192K, used 41574K [0x0000000700000000, 0x0000000800000000)
  region size 2048K, 3 young (6144K), 3 survivors (6144K)
 Metaspace       used 19081K, committed 19904K, reserved 1114112K
  class space    used 2122K, committed 2496K, reserved 1048576K
}
Event: 709.703 GC heap before
{Heap before GC invocations=16 (full 0):
 garbage-first heap   total reserved 4194304K, committed 264192K, used 191078K [0x0000000700000000, 0x0000000800000000)
  region size 2048K, 76 young (155648K), 3 survivors (6144K)
 Metaspace       used 19081K, committed 19904K, reserved 1114112K
  class space    used 2122K, committed 2496K, reserved 1048576K
}
Event: 709.716 GC heap after
{Heap after GC invocations=17 (full 0):
 garbage-first heap   total reserved 4194304K, committed 264192K, used 42065K [0x0000000700000000, 0x0000000800000000)
  region size 2048K, 1 young (2048K), 1 survivors (2048K)
 Metaspace       used 19081K, committed 19904K, reserved 1114112K
  class space    used 2122K, committed 2496K, reserved 1048576K
}
Event: 761.865 GC heap before
{Heap before GC invocations=17 (full 0):
 garbage-first heap   total reserved 4194304K, committed 264192K, used 195665K [0x0000000700000000, 0x0000000800000000)
  region size 2048K, 76 young (155648K), 1 survivors (2048K)
 Metaspace       used 19081K, committed 19904K, reserved 1114112K
  class space    used 2122K, committed 2496K, reserved 1048576K
}
Event: 761.879 GC heap after
{Heap after GC invocations=18 (full 0):
 garbage-first heap   total reserved 4194304K, committed 264192K, used 41731K [0x0000000700000000, 0x0000000800000000)
  region size 2048K, 1 young (2048K), 1 survivors (2048K)
 Metaspace       used 19081K, committed 19904K, reserved 1114112K
  class space    used 2122K, committed 2496K, reserved 1048576K
}

